Determining if the pthread_create exist failed with the following output:
Change Dir: /home/caduser/samuel/terra_head/mybuild/CMakeFiles/CMakeTmp

Run Build Command:"/usr/bin/make" "cmTC_9d20e/fast"
/usr/bin/make -f CMakeFiles/cmTC_9d20e.dir/build.make CMakeFiles/cmTC_9d20e.dir/build
make[1]: Entering directory '/home/caduser/samuel/terra_head/mybuild/CMakeFiles/CMakeTmp'
Building C object CMakeFiles/cmTC_9d20e.dir/CheckSymbolExists.c.o
/home/caduser/samuel/clang/llvm-project/build/bin/clang   -fPIC    -o CMakeFiles/cmTC_9d20e.dir/CheckSymbolExists.c.o   -c /home/caduser/samuel/terra_head/mybuild/CMakeFiles/CMakeTmp/CheckSymbolExists.c
Linking C executable cmTC_9d20e
/usr/bin/cmake -E cmake_link_script CMakeFiles/cmTC_9d20e.dir/link.txt --verbose=1
/home/caduser/samuel/clang/llvm-project/build/bin/clang -fPIC     CMakeFiles/cmTC_9d20e.dir/CheckSymbolExists.c.o  -o cmTC_9d20e 
CMakeFiles/cmTC_9d20e.dir/CheckSymbolExists.c.o: In function `main':
CheckSymbolExists.c:(.text+0x7): undefined reference to `pthread_create'
clang-7: error: linker command failed with exit code 1 (use -v to see invocation)
CMakeFiles/cmTC_9d20e.dir/build.make:97: recipe for target 'cmTC_9d20e' failed
make[1]: *** [cmTC_9d20e] Error 1
make[1]: Leaving directory '/home/caduser/samuel/terra_head/mybuild/CMakeFiles/CMakeTmp'
Makefile:126: recipe for target 'cmTC_9d20e/fast' failed
make: *** [cmTC_9d20e/fast] Error 2

File /home/caduser/samuel/terra_head/mybuild/CMakeFiles/CMakeTmp/CheckSymbolExists.c:
/* */
#include <pthread.h>

int main(int argc, char** argv)
{
  (void)argv;
#ifndef pthread_create
  return ((int*)(&pthread_create))[argc];
#else
  (void)argc;
  return 0;
#endif
}

Determining if the function pthread_create exists in the pthreads failed with the following output:
Change Dir: /home/caduser/samuel/terra_head/mybuild/CMakeFiles/CMakeTmp

Run Build Command:"/usr/bin/make" "cmTC_c0c7b/fast"
/usr/bin/make -f CMakeFiles/cmTC_c0c7b.dir/build.make CMakeFiles/cmTC_c0c7b.dir/build
make[1]: Entering directory '/home/caduser/samuel/terra_head/mybuild/CMakeFiles/CMakeTmp'
Building C object CMakeFiles/cmTC_c0c7b.dir/CheckFunctionExists.c.o
/home/caduser/samuel/clang/llvm-project/build/bin/clang   -fPIC -DCHECK_FUNCTION_EXISTS=pthread_create   -o CMakeFiles/cmTC_c0c7b.dir/CheckFunctionExists.c.o   -c /usr/share/cmake-3.10/Modules/CheckFunctionExists.c
Linking C executable cmTC_c0c7b
/usr/bin/cmake -E cmake_link_script CMakeFiles/cmTC_c0c7b.dir/link.txt --verbose=1
/home/caduser/samuel/clang/llvm-project/build/bin/clang -fPIC -DCHECK_FUNCTION_EXISTS=pthread_create    CMakeFiles/cmTC_c0c7b.dir/CheckFunctionExists.c.o  -o cmTC_c0c7b -lpthreads 
/usr/bin/ld: cannot find -lpthreads
clang-7: error: linker command failed with exit code 1 (use -v to see invocation)
CMakeFiles/cmTC_c0c7b.dir/build.make:97: recipe for target 'cmTC_c0c7b' failed
make[1]: *** [cmTC_c0c7b] Error 1
make[1]: Leaving directory '/home/caduser/samuel/terra_head/mybuild/CMakeFiles/CMakeTmp'
Makefile:126: recipe for target 'cmTC_c0c7b/fast' failed
make: *** [cmTC_c0c7b/fast] Error 2


