The system is: Linux - 4.18.0-25-generic - x86_64
Compiling the C compiler identification source file "CMakeCCompilerId.c" succeeded.
Compiler: /home/caduser/samuel/clang/llvm-project/build/bin/clang 
Build flags: 
Id flags:  

The output was:
0


Compilation of the C compiler identification source "CMakeCCompilerId.c" produced "a.out"

The C compiler identification is Clang, found in "/home/caduser/samuel/terra_head/mybuild/CMakeFiles/3.10.2/CompilerIdC/a.out"

Compiling the CXX compiler identification source file "CMakeCXXCompilerId.cpp" succeeded.
Compiler: /home/caduser/samuel/clang/llvm-project/build/bin/clang++ 
Build flags: 
Id flags:  

The output was:
0


Compilation of the CXX compiler identification source "CMakeCXXCompilerId.cpp" produced "a.out"

The CXX compiler identification is Clang, found in "/home/caduser/samuel/terra_head/mybuild/CMakeFiles/3.10.2/CompilerIdCXX/a.out"

Determining if the C compiler works passed with the following output:
Change Dir: /home/caduser/samuel/terra_head/mybuild/CMakeFiles/CMakeTmp

Run Build Command:"/usr/bin/make" "cmTC_658c8/fast"
/usr/bin/make -f CMakeFiles/cmTC_658c8.dir/build.make CMakeFiles/cmTC_658c8.dir/build
make[1]: Entering directory '/home/caduser/samuel/terra_head/mybuild/CMakeFiles/CMakeTmp'
Building C object CMakeFiles/cmTC_658c8.dir/testCCompiler.c.o
/home/caduser/samuel/clang/llvm-project/build/bin/clang    -o CMakeFiles/cmTC_658c8.dir/testCCompiler.c.o   -c /home/caduser/samuel/terra_head/mybuild/CMakeFiles/CMakeTmp/testCCompiler.c
Linking C executable cmTC_658c8
/usr/bin/cmake -E cmake_link_script CMakeFiles/cmTC_658c8.dir/link.txt --verbose=1
/home/caduser/samuel/clang/llvm-project/build/bin/clang      CMakeFiles/cmTC_658c8.dir/testCCompiler.c.o  -o cmTC_658c8 
make[1]: Leaving directory '/home/caduser/samuel/terra_head/mybuild/CMakeFiles/CMakeTmp'


Detecting C compiler ABI info compiled with the following output:
Change Dir: /home/caduser/samuel/terra_head/mybuild/CMakeFiles/CMakeTmp

Run Build Command:"/usr/bin/make" "cmTC_94cc7/fast"
/usr/bin/make -f CMakeFiles/cmTC_94cc7.dir/build.make CMakeFiles/cmTC_94cc7.dir/build
make[1]: Entering directory '/home/caduser/samuel/terra_head/mybuild/CMakeFiles/CMakeTmp'
Building C object CMakeFiles/cmTC_94cc7.dir/CMakeCCompilerABI.c.o
/home/caduser/samuel/clang/llvm-project/build/bin/clang    -o CMakeFiles/cmTC_94cc7.dir/CMakeCCompilerABI.c.o   -c /usr/share/cmake-3.10/Modules/CMakeCCompilerABI.c
Linking C executable cmTC_94cc7
/usr/bin/cmake -E cmake_link_script CMakeFiles/cmTC_94cc7.dir/link.txt --verbose=1
/home/caduser/samuel/clang/llvm-project/build/bin/clang     -v CMakeFiles/cmTC_94cc7.dir/CMakeCCompilerABI.c.o  -o cmTC_94cc7 
clang version 7.1.0 
Target: x86_64-unknown-linux-gnu
Thread model: posix
InstalledDir: /home/caduser/samuel/clang/llvm-project/build/bin
Found candidate GCC installation: /usr/lib/gcc/i686-linux-gnu/8
Found candidate GCC installation: /usr/lib/gcc/x86_64-linux-gnu/4.8
Found candidate GCC installation: /usr/lib/gcc/x86_64-linux-gnu/4.8.5
Found candidate GCC installation: /usr/lib/gcc/x86_64-linux-gnu/6
Found candidate GCC installation: /usr/lib/gcc/x86_64-linux-gnu/6.5.0
Found candidate GCC installation: /usr/lib/gcc/x86_64-linux-gnu/7
Found candidate GCC installation: /usr/lib/gcc/x86_64-linux-gnu/7.4.0
Found candidate GCC installation: /usr/lib/gcc/x86_64-linux-gnu/8
Selected GCC installation: /usr/lib/gcc/x86_64-linux-gnu/7.4.0
Candidate multilib: .;@m64
Selected multilib: .;@m64
Found CUDA installation: /usr/local/cuda, version unknown
 "/usr/bin/ld" -z relro --hash-style=gnu --eh-frame-hdr -m elf_x86_64 -dynamic-linker /lib64/ld-linux-x86-64.so.2 -o cmTC_94cc7 /usr/lib/gcc/x86_64-linux-gnu/7.4.0/../../../x86_64-linux-gnu/crt1.o /usr/lib/gcc/x86_64-linux-gnu/7.4.0/../../../x86_64-linux-gnu/crti.o /usr/lib/gcc/x86_64-linux-gnu/7.4.0/crtbegin.o -L/usr/lib/gcc/x86_64-linux-gnu/7.4.0 -L/usr/lib/gcc/x86_64-linux-gnu/7.4.0/../../../x86_64-linux-gnu -L/usr/lib/gcc/x86_64-linux-gnu/7.4.0/../../../../lib64 -L/lib/x86_64-linux-gnu -L/lib/../lib64 -L/usr/lib/x86_64-linux-gnu -L/usr/lib/../lib64 -L/usr/lib/x86_64-linux-gnu/../../lib64 -L/usr/lib/gcc/x86_64-linux-gnu/7.4.0/../../.. -L/home/caduser/samuel/clang/llvm-project/build/bin/../lib -L/lib -L/usr/lib CMakeFiles/cmTC_94cc7.dir/CMakeCCompilerABI.c.o -lgcc --as-needed -lgcc_s --no-as-needed -lc -lgcc --as-needed -lgcc_s --no-as-needed /usr/lib/gcc/x86_64-linux-gnu/7.4.0/crtend.o /usr/lib/gcc/x86_64-linux-gnu/7.4.0/../../../x86_64-linux-gnu/crtn.o
make[1]: Leaving directory '/home/caduser/samuel/terra_head/mybuild/CMakeFiles/CMakeTmp'


Parsed C implicit link information from above output:
  link line regex: [^( *|.*[/\])(ld|CMAKE_LINK_STARTFILE-NOTFOUND|([^/\]+-)?ld|collect2)[^/\]*( |$)]
  ignore line: [Change Dir: /home/caduser/samuel/terra_head/mybuild/CMakeFiles/CMakeTmp]
  ignore line: []
  ignore line: [Run Build Command:"/usr/bin/make" "cmTC_94cc7/fast"]
  ignore line: [/usr/bin/make -f CMakeFiles/cmTC_94cc7.dir/build.make CMakeFiles/cmTC_94cc7.dir/build]
  ignore line: [make[1]: Entering directory '/home/caduser/samuel/terra_head/mybuild/CMakeFiles/CMakeTmp']
  ignore line: [Building C object CMakeFiles/cmTC_94cc7.dir/CMakeCCompilerABI.c.o]
  ignore line: [/home/caduser/samuel/clang/llvm-project/build/bin/clang    -o CMakeFiles/cmTC_94cc7.dir/CMakeCCompilerABI.c.o   -c /usr/share/cmake-3.10/Modules/CMakeCCompilerABI.c]
  ignore line: [Linking C executable cmTC_94cc7]
  ignore line: [/usr/bin/cmake -E cmake_link_script CMakeFiles/cmTC_94cc7.dir/link.txt --verbose=1]
  ignore line: [/home/caduser/samuel/clang/llvm-project/build/bin/clang     -v CMakeFiles/cmTC_94cc7.dir/CMakeCCompilerABI.c.o  -o cmTC_94cc7 ]
  ignore line: [clang version 7.1.0 ]
  ignore line: [Target: x86_64-unknown-linux-gnu]
  ignore line: [Thread model: posix]
  ignore line: [InstalledDir: /home/caduser/samuel/clang/llvm-project/build/bin]
  ignore line: [Found candidate GCC installation: /usr/lib/gcc/i686-linux-gnu/8]
  ignore line: [Found candidate GCC installation: /usr/lib/gcc/x86_64-linux-gnu/4.8]
  ignore line: [Found candidate GCC installation: /usr/lib/gcc/x86_64-linux-gnu/4.8.5]
  ignore line: [Found candidate GCC installation: /usr/lib/gcc/x86_64-linux-gnu/6]
  ignore line: [Found candidate GCC installation: /usr/lib/gcc/x86_64-linux-gnu/6.5.0]
  ignore line: [Found candidate GCC installation: /usr/lib/gcc/x86_64-linux-gnu/7]
  ignore line: [Found candidate GCC installation: /usr/lib/gcc/x86_64-linux-gnu/7.4.0]
  ignore line: [Found candidate GCC installation: /usr/lib/gcc/x86_64-linux-gnu/8]
  ignore line: [Selected GCC installation: /usr/lib/gcc/x86_64-linux-gnu/7.4.0]
  ignore line: [Candidate multilib: .]
  ignore line: [@m64]
  ignore line: [Selected multilib: .]
  ignore line: [@m64]
  ignore line: [Found CUDA installation: /usr/local/cuda, version unknown]
  link line: [ "/usr/bin/ld" -z relro --hash-style=gnu --eh-frame-hdr -m elf_x86_64 -dynamic-linker /lib64/ld-linux-x86-64.so.2 -o cmTC_94cc7 /usr/lib/gcc/x86_64-linux-gnu/7.4.0/../../../x86_64-linux-gnu/crt1.o /usr/lib/gcc/x86_64-linux-gnu/7.4.0/../../../x86_64-linux-gnu/crti.o /usr/lib/gcc/x86_64-linux-gnu/7.4.0/crtbegin.o -L/usr/lib/gcc/x86_64-linux-gnu/7.4.0 -L/usr/lib/gcc/x86_64-linux-gnu/7.4.0/../../../x86_64-linux-gnu -L/usr/lib/gcc/x86_64-linux-gnu/7.4.0/../../../../lib64 -L/lib/x86_64-linux-gnu -L/lib/../lib64 -L/usr/lib/x86_64-linux-gnu -L/usr/lib/../lib64 -L/usr/lib/x86_64-linux-gnu/../../lib64 -L/usr/lib/gcc/x86_64-linux-gnu/7.4.0/../../.. -L/home/caduser/samuel/clang/llvm-project/build/bin/../lib -L/lib -L/usr/lib CMakeFiles/cmTC_94cc7.dir/CMakeCCompilerABI.c.o -lgcc --as-needed -lgcc_s --no-as-needed -lc -lgcc --as-needed -lgcc_s --no-as-needed /usr/lib/gcc/x86_64-linux-gnu/7.4.0/crtend.o /usr/lib/gcc/x86_64-linux-gnu/7.4.0/../../../x86_64-linux-gnu/crtn.o]
    arg [/usr/bin/ld] ==> ignore
    arg [-zrelro] ==> ignore
    arg [--hash-style=gnu] ==> ignore
    arg [--eh-frame-hdr] ==> ignore
    arg [-m] ==> ignore
    arg [elf_x86_64] ==> ignore
    arg [-dynamic-linker] ==> ignore
    arg [/lib64/ld-linux-x86-64.so.2] ==> ignore
    arg [-o] ==> ignore
    arg [cmTC_94cc7] ==> ignore
    arg [/usr/lib/gcc/x86_64-linux-gnu/7.4.0/../../../x86_64-linux-gnu/crt1.o] ==> ignore
    arg [/usr/lib/gcc/x86_64-linux-gnu/7.4.0/../../../x86_64-linux-gnu/crti.o] ==> ignore
    arg [/usr/lib/gcc/x86_64-linux-gnu/7.4.0/crtbegin.o] ==> ignore
    arg [-L/usr/lib/gcc/x86_64-linux-gnu/7.4.0] ==> dir [/usr/lib/gcc/x86_64-linux-gnu/7.4.0]
    arg [-L/usr/lib/gcc/x86_64-linux-gnu/7.4.0/../../../x86_64-linux-gnu] ==> dir [/usr/lib/gcc/x86_64-linux-gnu/7.4.0/../../../x86_64-linux-gnu]
    arg [-L/usr/lib/gcc/x86_64-linux-gnu/7.4.0/../../../../lib64] ==> dir [/usr/lib/gcc/x86_64-linux-gnu/7.4.0/../../../../lib64]
    arg [-L/lib/x86_64-linux-gnu] ==> dir [/lib/x86_64-linux-gnu]
    arg [-L/lib/../lib64] ==> dir [/lib/../lib64]
    arg [-L/usr/lib/x86_64-linux-gnu] ==> dir [/usr/lib/x86_64-linux-gnu]
    arg [-L/usr/lib/../lib64] ==> dir [/usr/lib/../lib64]
    arg [-L/usr/lib/x86_64-linux-gnu/../../lib64] ==> dir [/usr/lib/x86_64-linux-gnu/../../lib64]
    arg [-L/usr/lib/gcc/x86_64-linux-gnu/7.4.0/../../..] ==> dir [/usr/lib/gcc/x86_64-linux-gnu/7.4.0/../../..]
    arg [-L/home/caduser/samuel/clang/llvm-project/build/bin/../lib] ==> dir [/home/caduser/samuel/clang/llvm-project/build/bin/../lib]
    arg [-L/lib] ==> dir [/lib]
    arg [-L/usr/lib] ==> dir [/usr/lib]
    arg [CMakeFiles/cmTC_94cc7.dir/CMakeCCompilerABI.c.o] ==> ignore
    arg [-lgcc] ==> lib [gcc]
    arg [--as-needed] ==> ignore
    arg [-lgcc_s] ==> lib [gcc_s]
    arg [--no-as-needed] ==> ignore
    arg [-lc] ==> lib [c]
    arg [-lgcc] ==> lib [gcc]
    arg [--as-needed] ==> ignore
    arg [-lgcc_s] ==> lib [gcc_s]
    arg [--no-as-needed] ==> ignore
    arg [/usr/lib/gcc/x86_64-linux-gnu/7.4.0/crtend.o] ==> ignore
    arg [/usr/lib/gcc/x86_64-linux-gnu/7.4.0/../../../x86_64-linux-gnu/crtn.o] ==> ignore
  collapse library dir [/usr/lib/gcc/x86_64-linux-gnu/7.4.0] ==> [/usr/lib/gcc/x86_64-linux-gnu/7.4.0]
  collapse library dir [/usr/lib/gcc/x86_64-linux-gnu/7.4.0/../../../x86_64-linux-gnu] ==> [/usr/lib/x86_64-linux-gnu]
  collapse library dir [/usr/lib/gcc/x86_64-linux-gnu/7.4.0/../../../../lib64] ==> [/usr/lib64]
  collapse library dir [/lib/x86_64-linux-gnu] ==> [/lib/x86_64-linux-gnu]
  collapse library dir [/lib/../lib64] ==> [/lib64]
  collapse library dir [/usr/lib/x86_64-linux-gnu] ==> [/usr/lib/x86_64-linux-gnu]
  collapse library dir [/usr/lib/../lib64] ==> [/usr/lib64]
  collapse library dir [/usr/lib/x86_64-linux-gnu/../../lib64] ==> [/usr/lib64]
  collapse library dir [/usr/lib/gcc/x86_64-linux-gnu/7.4.0/../../..] ==> [/usr/lib]
  collapse library dir [/home/caduser/samuel/clang/llvm-project/build/bin/../lib] ==> [/home/caduser/samuel/clang/llvm-project/build/lib]
  collapse library dir [/lib] ==> [/lib]
  collapse library dir [/usr/lib] ==> [/usr/lib]
  implicit libs: [gcc;gcc_s;c;gcc;gcc_s]
  implicit dirs: [/usr/lib/gcc/x86_64-linux-gnu/7.4.0;/usr/lib/x86_64-linux-gnu;/usr/lib64;/lib/x86_64-linux-gnu;/lib64;/usr/lib;/home/caduser/samuel/clang/llvm-project/build/lib;/lib]
  implicit fwks: []




Detecting C [-std=c11] compiler features compiled with the following output:
Change Dir: /home/caduser/samuel/terra_head/mybuild/CMakeFiles/CMakeTmp

Run Build Command:"/usr/bin/make" "cmTC_e596b/fast"
/usr/bin/make -f CMakeFiles/cmTC_e596b.dir/build.make CMakeFiles/cmTC_e596b.dir/build
make[1]: Entering directory '/home/caduser/samuel/terra_head/mybuild/CMakeFiles/CMakeTmp'
Building C object CMakeFiles/cmTC_e596b.dir/feature_tests.c.o
/home/caduser/samuel/clang/llvm-project/build/bin/clang   -std=c11 -o CMakeFiles/cmTC_e596b.dir/feature_tests.c.o   -c /home/caduser/samuel/terra_head/mybuild/CMakeFiles/feature_tests.c
Linking C executable cmTC_e596b
/usr/bin/cmake -E cmake_link_script CMakeFiles/cmTC_e596b.dir/link.txt --verbose=1
/home/caduser/samuel/clang/llvm-project/build/bin/clang      CMakeFiles/cmTC_e596b.dir/feature_tests.c.o  -o cmTC_e596b 
make[1]: Leaving directory '/home/caduser/samuel/terra_head/mybuild/CMakeFiles/CMakeTmp'


    Feature record: C_FEATURE:1c_function_prototypes
    Feature record: C_FEATURE:1c_restrict
    Feature record: C_FEATURE:1c_static_assert
    Feature record: C_FEATURE:1c_variadic_macros


Detecting C [-std=c99] compiler features compiled with the following output:
Change Dir: /home/caduser/samuel/terra_head/mybuild/CMakeFiles/CMakeTmp

Run Build Command:"/usr/bin/make" "cmTC_bc538/fast"
/usr/bin/make -f CMakeFiles/cmTC_bc538.dir/build.make CMakeFiles/cmTC_bc538.dir/build
make[1]: Entering directory '/home/caduser/samuel/terra_head/mybuild/CMakeFiles/CMakeTmp'
Building C object CMakeFiles/cmTC_bc538.dir/feature_tests.c.o
/home/caduser/samuel/clang/llvm-project/build/bin/clang   -std=c99 -o CMakeFiles/cmTC_bc538.dir/feature_tests.c.o   -c /home/caduser/samuel/terra_head/mybuild/CMakeFiles/feature_tests.c
Linking C executable cmTC_bc538
/usr/bin/cmake -E cmake_link_script CMakeFiles/cmTC_bc538.dir/link.txt --verbose=1
/home/caduser/samuel/clang/llvm-project/build/bin/clang      CMakeFiles/cmTC_bc538.dir/feature_tests.c.o  -o cmTC_bc538 
make[1]: Leaving directory '/home/caduser/samuel/terra_head/mybuild/CMakeFiles/CMakeTmp'


    Feature record: C_FEATURE:1c_function_prototypes
    Feature record: C_FEATURE:1c_restrict
    Feature record: C_FEATURE:0c_static_assert
    Feature record: C_FEATURE:1c_variadic_macros


Detecting C [-std=c90] compiler features compiled with the following output:
Change Dir: /home/caduser/samuel/terra_head/mybuild/CMakeFiles/CMakeTmp

Run Build Command:"/usr/bin/make" "cmTC_b448f/fast"
/usr/bin/make -f CMakeFiles/cmTC_b448f.dir/build.make CMakeFiles/cmTC_b448f.dir/build
make[1]: Entering directory '/home/caduser/samuel/terra_head/mybuild/CMakeFiles/CMakeTmp'
Building C object CMakeFiles/cmTC_b448f.dir/feature_tests.c.o
/home/caduser/samuel/clang/llvm-project/build/bin/clang   -std=c90 -o CMakeFiles/cmTC_b448f.dir/feature_tests.c.o   -c /home/caduser/samuel/terra_head/mybuild/CMakeFiles/feature_tests.c
Linking C executable cmTC_b448f
/usr/bin/cmake -E cmake_link_script CMakeFiles/cmTC_b448f.dir/link.txt --verbose=1
/home/caduser/samuel/clang/llvm-project/build/bin/clang      CMakeFiles/cmTC_b448f.dir/feature_tests.c.o  -o cmTC_b448f 
make[1]: Leaving directory '/home/caduser/samuel/terra_head/mybuild/CMakeFiles/CMakeTmp'


    Feature record: C_FEATURE:1c_function_prototypes
    Feature record: C_FEATURE:0c_restrict
    Feature record: C_FEATURE:0c_static_assert
    Feature record: C_FEATURE:0c_variadic_macros
Determining if the CXX compiler works passed with the following output:
Change Dir: /home/caduser/samuel/terra_head/mybuild/CMakeFiles/CMakeTmp

Run Build Command:"/usr/bin/make" "cmTC_5f08a/fast"
/usr/bin/make -f CMakeFiles/cmTC_5f08a.dir/build.make CMakeFiles/cmTC_5f08a.dir/build
make[1]: Entering directory '/home/caduser/samuel/terra_head/mybuild/CMakeFiles/CMakeTmp'
Building CXX object CMakeFiles/cmTC_5f08a.dir/testCXXCompiler.cxx.o
/home/caduser/samuel/clang/llvm-project/build/bin/clang++     -o CMakeFiles/cmTC_5f08a.dir/testCXXCompiler.cxx.o -c /home/caduser/samuel/terra_head/mybuild/CMakeFiles/CMakeTmp/testCXXCompiler.cxx
Linking CXX executable cmTC_5f08a
/usr/bin/cmake -E cmake_link_script CMakeFiles/cmTC_5f08a.dir/link.txt --verbose=1
/home/caduser/samuel/clang/llvm-project/build/bin/clang++       CMakeFiles/cmTC_5f08a.dir/testCXXCompiler.cxx.o  -o cmTC_5f08a 
make[1]: Leaving directory '/home/caduser/samuel/terra_head/mybuild/CMakeFiles/CMakeTmp'


Detecting CXX compiler ABI info compiled with the following output:
Change Dir: /home/caduser/samuel/terra_head/mybuild/CMakeFiles/CMakeTmp

Run Build Command:"/usr/bin/make" "cmTC_ef25e/fast"
/usr/bin/make -f CMakeFiles/cmTC_ef25e.dir/build.make CMakeFiles/cmTC_ef25e.dir/build
make[1]: Entering directory '/home/caduser/samuel/terra_head/mybuild/CMakeFiles/CMakeTmp'
Building CXX object CMakeFiles/cmTC_ef25e.dir/CMakeCXXCompilerABI.cpp.o
/home/caduser/samuel/clang/llvm-project/build/bin/clang++     -o CMakeFiles/cmTC_ef25e.dir/CMakeCXXCompilerABI.cpp.o -c /usr/share/cmake-3.10/Modules/CMakeCXXCompilerABI.cpp
Linking CXX executable cmTC_ef25e
/usr/bin/cmake -E cmake_link_script CMakeFiles/cmTC_ef25e.dir/link.txt --verbose=1
/home/caduser/samuel/clang/llvm-project/build/bin/clang++      -v CMakeFiles/cmTC_ef25e.dir/CMakeCXXCompilerABI.cpp.o  -o cmTC_ef25e 
clang version 7.1.0 
Target: x86_64-unknown-linux-gnu
Thread model: posix
InstalledDir: /home/caduser/samuel/clang/llvm-project/build/bin
Found candidate GCC installation: /usr/lib/gcc/i686-linux-gnu/8
Found candidate GCC installation: /usr/lib/gcc/x86_64-linux-gnu/4.8
Found candidate GCC installation: /usr/lib/gcc/x86_64-linux-gnu/4.8.5
Found candidate GCC installation: /usr/lib/gcc/x86_64-linux-gnu/6
Found candidate GCC installation: /usr/lib/gcc/x86_64-linux-gnu/6.5.0
Found candidate GCC installation: /usr/lib/gcc/x86_64-linux-gnu/7
Found candidate GCC installation: /usr/lib/gcc/x86_64-linux-gnu/7.4.0
Found candidate GCC installation: /usr/lib/gcc/x86_64-linux-gnu/8
Selected GCC installation: /usr/lib/gcc/x86_64-linux-gnu/7.4.0
Candidate multilib: .;@m64
Selected multilib: .;@m64
Found CUDA installation: /usr/local/cuda, version unknown
 "/usr/bin/ld" -z relro --hash-style=gnu --eh-frame-hdr -m elf_x86_64 -dynamic-linker /lib64/ld-linux-x86-64.so.2 -o cmTC_ef25e /usr/lib/gcc/x86_64-linux-gnu/7.4.0/../../../x86_64-linux-gnu/crt1.o /usr/lib/gcc/x86_64-linux-gnu/7.4.0/../../../x86_64-linux-gnu/crti.o /usr/lib/gcc/x86_64-linux-gnu/7.4.0/crtbegin.o -L/usr/lib/gcc/x86_64-linux-gnu/7.4.0 -L/usr/lib/gcc/x86_64-linux-gnu/7.4.0/../../../x86_64-linux-gnu -L/usr/lib/gcc/x86_64-linux-gnu/7.4.0/../../../../lib64 -L/lib/x86_64-linux-gnu -L/lib/../lib64 -L/usr/lib/x86_64-linux-gnu -L/usr/lib/../lib64 -L/usr/lib/x86_64-linux-gnu/../../lib64 -L/usr/lib/gcc/x86_64-linux-gnu/7.4.0/../../.. -L/home/caduser/samuel/clang/llvm-project/build/bin/../lib -L/lib -L/usr/lib CMakeFiles/cmTC_ef25e.dir/CMakeCXXCompilerABI.cpp.o -lstdc++ -lm -lgcc_s -lgcc -lc -lgcc_s -lgcc /usr/lib/gcc/x86_64-linux-gnu/7.4.0/crtend.o /usr/lib/gcc/x86_64-linux-gnu/7.4.0/../../../x86_64-linux-gnu/crtn.o
make[1]: Leaving directory '/home/caduser/samuel/terra_head/mybuild/CMakeFiles/CMakeTmp'


Parsed CXX implicit link information from above output:
  link line regex: [^( *|.*[/\])(ld|CMAKE_LINK_STARTFILE-NOTFOUND|([^/\]+-)?ld|collect2)[^/\]*( |$)]
  ignore line: [Change Dir: /home/caduser/samuel/terra_head/mybuild/CMakeFiles/CMakeTmp]
  ignore line: []
  ignore line: [Run Build Command:"/usr/bin/make" "cmTC_ef25e/fast"]
  ignore line: [/usr/bin/make -f CMakeFiles/cmTC_ef25e.dir/build.make CMakeFiles/cmTC_ef25e.dir/build]
  ignore line: [make[1]: Entering directory '/home/caduser/samuel/terra_head/mybuild/CMakeFiles/CMakeTmp']
  ignore line: [Building CXX object CMakeFiles/cmTC_ef25e.dir/CMakeCXXCompilerABI.cpp.o]
  ignore line: [/home/caduser/samuel/clang/llvm-project/build/bin/clang++     -o CMakeFiles/cmTC_ef25e.dir/CMakeCXXCompilerABI.cpp.o -c /usr/share/cmake-3.10/Modules/CMakeCXXCompilerABI.cpp]
  ignore line: [Linking CXX executable cmTC_ef25e]
  ignore line: [/usr/bin/cmake -E cmake_link_script CMakeFiles/cmTC_ef25e.dir/link.txt --verbose=1]
  ignore line: [/home/caduser/samuel/clang/llvm-project/build/bin/clang++      -v CMakeFiles/cmTC_ef25e.dir/CMakeCXXCompilerABI.cpp.o  -o cmTC_ef25e ]
  ignore line: [clang version 7.1.0 ]
  ignore line: [Target: x86_64-unknown-linux-gnu]
  ignore line: [Thread model: posix]
  ignore line: [InstalledDir: /home/caduser/samuel/clang/llvm-project/build/bin]
  ignore line: [Found candidate GCC installation: /usr/lib/gcc/i686-linux-gnu/8]
  ignore line: [Found candidate GCC installation: /usr/lib/gcc/x86_64-linux-gnu/4.8]
  ignore line: [Found candidate GCC installation: /usr/lib/gcc/x86_64-linux-gnu/4.8.5]
  ignore line: [Found candidate GCC installation: /usr/lib/gcc/x86_64-linux-gnu/6]
  ignore line: [Found candidate GCC installation: /usr/lib/gcc/x86_64-linux-gnu/6.5.0]
  ignore line: [Found candidate GCC installation: /usr/lib/gcc/x86_64-linux-gnu/7]
  ignore line: [Found candidate GCC installation: /usr/lib/gcc/x86_64-linux-gnu/7.4.0]
  ignore line: [Found candidate GCC installation: /usr/lib/gcc/x86_64-linux-gnu/8]
  ignore line: [Selected GCC installation: /usr/lib/gcc/x86_64-linux-gnu/7.4.0]
  ignore line: [Candidate multilib: .]
  ignore line: [@m64]
  ignore line: [Selected multilib: .]
  ignore line: [@m64]
  ignore line: [Found CUDA installation: /usr/local/cuda, version unknown]
  link line: [ "/usr/bin/ld" -z relro --hash-style=gnu --eh-frame-hdr -m elf_x86_64 -dynamic-linker /lib64/ld-linux-x86-64.so.2 -o cmTC_ef25e /usr/lib/gcc/x86_64-linux-gnu/7.4.0/../../../x86_64-linux-gnu/crt1.o /usr/lib/gcc/x86_64-linux-gnu/7.4.0/../../../x86_64-linux-gnu/crti.o /usr/lib/gcc/x86_64-linux-gnu/7.4.0/crtbegin.o -L/usr/lib/gcc/x86_64-linux-gnu/7.4.0 -L/usr/lib/gcc/x86_64-linux-gnu/7.4.0/../../../x86_64-linux-gnu -L/usr/lib/gcc/x86_64-linux-gnu/7.4.0/../../../../lib64 -L/lib/x86_64-linux-gnu -L/lib/../lib64 -L/usr/lib/x86_64-linux-gnu -L/usr/lib/../lib64 -L/usr/lib/x86_64-linux-gnu/../../lib64 -L/usr/lib/gcc/x86_64-linux-gnu/7.4.0/../../.. -L/home/caduser/samuel/clang/llvm-project/build/bin/../lib -L/lib -L/usr/lib CMakeFiles/cmTC_ef25e.dir/CMakeCXXCompilerABI.cpp.o -lstdc++ -lm -lgcc_s -lgcc -lc -lgcc_s -lgcc /usr/lib/gcc/x86_64-linux-gnu/7.4.0/crtend.o /usr/lib/gcc/x86_64-linux-gnu/7.4.0/../../../x86_64-linux-gnu/crtn.o]
    arg [/usr/bin/ld] ==> ignore
    arg [-zrelro] ==> ignore
    arg [--hash-style=gnu] ==> ignore
    arg [--eh-frame-hdr] ==> ignore
    arg [-m] ==> ignore
    arg [elf_x86_64] ==> ignore
    arg [-dynamic-linker] ==> ignore
    arg [/lib64/ld-linux-x86-64.so.2] ==> ignore
    arg [-o] ==> ignore
    arg [cmTC_ef25e] ==> ignore
    arg [/usr/lib/gcc/x86_64-linux-gnu/7.4.0/../../../x86_64-linux-gnu/crt1.o] ==> ignore
    arg [/usr/lib/gcc/x86_64-linux-gnu/7.4.0/../../../x86_64-linux-gnu/crti.o] ==> ignore
    arg [/usr/lib/gcc/x86_64-linux-gnu/7.4.0/crtbegin.o] ==> ignore
    arg [-L/usr/lib/gcc/x86_64-linux-gnu/7.4.0] ==> dir [/usr/lib/gcc/x86_64-linux-gnu/7.4.0]
    arg [-L/usr/lib/gcc/x86_64-linux-gnu/7.4.0/../../../x86_64-linux-gnu] ==> dir [/usr/lib/gcc/x86_64-linux-gnu/7.4.0/../../../x86_64-linux-gnu]
    arg [-L/usr/lib/gcc/x86_64-linux-gnu/7.4.0/../../../../lib64] ==> dir [/usr/lib/gcc/x86_64-linux-gnu/7.4.0/../../../../lib64]
    arg [-L/lib/x86_64-linux-gnu] ==> dir [/lib/x86_64-linux-gnu]
    arg [-L/lib/../lib64] ==> dir [/lib/../lib64]
    arg [-L/usr/lib/x86_64-linux-gnu] ==> dir [/usr/lib/x86_64-linux-gnu]
    arg [-L/usr/lib/../lib64] ==> dir [/usr/lib/../lib64]
    arg [-L/usr/lib/x86_64-linux-gnu/../../lib64] ==> dir [/usr/lib/x86_64-linux-gnu/../../lib64]
    arg [-L/usr/lib/gcc/x86_64-linux-gnu/7.4.0/../../..] ==> dir [/usr/lib/gcc/x86_64-linux-gnu/7.4.0/../../..]
    arg [-L/home/caduser/samuel/clang/llvm-project/build/bin/../lib] ==> dir [/home/caduser/samuel/clang/llvm-project/build/bin/../lib]
    arg [-L/lib] ==> dir [/lib]
    arg [-L/usr/lib] ==> dir [/usr/lib]
    arg [CMakeFiles/cmTC_ef25e.dir/CMakeCXXCompilerABI.cpp.o] ==> ignore
    arg [-lstdc++] ==> lib [stdc++]
    arg [-lm] ==> lib [m]
    arg [-lgcc_s] ==> lib [gcc_s]
    arg [-lgcc] ==> lib [gcc]
    arg [-lc] ==> lib [c]
    arg [-lgcc_s] ==> lib [gcc_s]
    arg [-lgcc] ==> lib [gcc]
    arg [/usr/lib/gcc/x86_64-linux-gnu/7.4.0/crtend.o] ==> ignore
    arg [/usr/lib/gcc/x86_64-linux-gnu/7.4.0/../../../x86_64-linux-gnu/crtn.o] ==> ignore
  collapse library dir [/usr/lib/gcc/x86_64-linux-gnu/7.4.0] ==> [/usr/lib/gcc/x86_64-linux-gnu/7.4.0]
  collapse library dir [/usr/lib/gcc/x86_64-linux-gnu/7.4.0/../../../x86_64-linux-gnu] ==> [/usr/lib/x86_64-linux-gnu]
  collapse library dir [/usr/lib/gcc/x86_64-linux-gnu/7.4.0/../../../../lib64] ==> [/usr/lib64]
  collapse library dir [/lib/x86_64-linux-gnu] ==> [/lib/x86_64-linux-gnu]
  collapse library dir [/lib/../lib64] ==> [/lib64]
  collapse library dir [/usr/lib/x86_64-linux-gnu] ==> [/usr/lib/x86_64-linux-gnu]
  collapse library dir [/usr/lib/../lib64] ==> [/usr/lib64]
  collapse library dir [/usr/lib/x86_64-linux-gnu/../../lib64] ==> [/usr/lib64]
  collapse library dir [/usr/lib/gcc/x86_64-linux-gnu/7.4.0/../../..] ==> [/usr/lib]
  collapse library dir [/home/caduser/samuel/clang/llvm-project/build/bin/../lib] ==> [/home/caduser/samuel/clang/llvm-project/build/lib]
  collapse library dir [/lib] ==> [/lib]
  collapse library dir [/usr/lib] ==> [/usr/lib]
  implicit libs: [stdc++;m;gcc_s;gcc;c;gcc_s;gcc]
  implicit dirs: [/usr/lib/gcc/x86_64-linux-gnu/7.4.0;/usr/lib/x86_64-linux-gnu;/usr/lib64;/lib/x86_64-linux-gnu;/lib64;/usr/lib;/home/caduser/samuel/clang/llvm-project/build/lib;/lib]
  implicit fwks: []




Detecting CXX [-std=c++1z] compiler features compiled with the following output:
Change Dir: /home/caduser/samuel/terra_head/mybuild/CMakeFiles/CMakeTmp

Run Build Command:"/usr/bin/make" "cmTC_e3191/fast"
/usr/bin/make -f CMakeFiles/cmTC_e3191.dir/build.make CMakeFiles/cmTC_e3191.dir/build
make[1]: Entering directory '/home/caduser/samuel/terra_head/mybuild/CMakeFiles/CMakeTmp'
Building CXX object CMakeFiles/cmTC_e3191.dir/feature_tests.cxx.o
/home/caduser/samuel/clang/llvm-project/build/bin/clang++    -std=c++1z -o CMakeFiles/cmTC_e3191.dir/feature_tests.cxx.o -c /home/caduser/samuel/terra_head/mybuild/CMakeFiles/feature_tests.cxx
Linking CXX executable cmTC_e3191
/usr/bin/cmake -E cmake_link_script CMakeFiles/cmTC_e3191.dir/link.txt --verbose=1
/home/caduser/samuel/clang/llvm-project/build/bin/clang++       CMakeFiles/cmTC_e3191.dir/feature_tests.cxx.o  -o cmTC_e3191 
make[1]: Leaving directory '/home/caduser/samuel/terra_head/mybuild/CMakeFiles/CMakeTmp'


    Feature record: CXX_FEATURE:1cxx_aggregate_default_initializers
    Feature record: CXX_FEATURE:1cxx_alias_templates
    Feature record: CXX_FEATURE:1cxx_alignas
    Feature record: CXX_FEATURE:1cxx_alignof
    Feature record: CXX_FEATURE:1cxx_attributes
    Feature record: CXX_FEATURE:1cxx_attribute_deprecated
    Feature record: CXX_FEATURE:1cxx_auto_type
    Feature record: CXX_FEATURE:1cxx_binary_literals
    Feature record: CXX_FEATURE:1cxx_constexpr
    Feature record: CXX_FEATURE:1cxx_contextual_conversions
    Feature record: CXX_FEATURE:1cxx_decltype
    Feature record: CXX_FEATURE:1cxx_decltype_auto
    Feature record: CXX_FEATURE:1cxx_decltype_incomplete_return_types
    Feature record: CXX_FEATURE:1cxx_default_function_template_args
    Feature record: CXX_FEATURE:1cxx_defaulted_functions
    Feature record: CXX_FEATURE:1cxx_defaulted_move_initializers
    Feature record: CXX_FEATURE:1cxx_delegating_constructors
    Feature record: CXX_FEATURE:1cxx_deleted_functions
    Feature record: CXX_FEATURE:1cxx_digit_separators
    Feature record: CXX_FEATURE:1cxx_enum_forward_declarations
    Feature record: CXX_FEATURE:1cxx_explicit_conversions
    Feature record: CXX_FEATURE:1cxx_extended_friend_declarations
    Feature record: CXX_FEATURE:1cxx_extern_templates
    Feature record: CXX_FEATURE:1cxx_final
    Feature record: CXX_FEATURE:1cxx_func_identifier
    Feature record: CXX_FEATURE:1cxx_generalized_initializers
    Feature record: CXX_FEATURE:1cxx_generic_lambdas
    Feature record: CXX_FEATURE:1cxx_inheriting_constructors
    Feature record: CXX_FEATURE:1cxx_inline_namespaces
    Feature record: CXX_FEATURE:1cxx_lambdas
    Feature record: CXX_FEATURE:1cxx_lambda_init_captures
    Feature record: CXX_FEATURE:1cxx_local_type_template_args
    Feature record: CXX_FEATURE:1cxx_long_long_type
    Feature record: CXX_FEATURE:1cxx_noexcept
    Feature record: CXX_FEATURE:1cxx_nonstatic_member_init
    Feature record: CXX_FEATURE:1cxx_nullptr
    Feature record: CXX_FEATURE:1cxx_override
    Feature record: CXX_FEATURE:1cxx_range_for
    Feature record: CXX_FEATURE:1cxx_raw_string_literals
    Feature record: CXX_FEATURE:1cxx_reference_qualified_functions
    Feature record: CXX_FEATURE:1cxx_relaxed_constexpr
    Feature record: CXX_FEATURE:1cxx_return_type_deduction
    Feature record: CXX_FEATURE:1cxx_right_angle_brackets
    Feature record: CXX_FEATURE:1cxx_rvalue_references
    Feature record: CXX_FEATURE:1cxx_sizeof_member
    Feature record: CXX_FEATURE:1cxx_static_assert
    Feature record: CXX_FEATURE:1cxx_strong_enums
    Feature record: CXX_FEATURE:1cxx_template_template_parameters
    Feature record: CXX_FEATURE:1cxx_thread_local
    Feature record: CXX_FEATURE:1cxx_trailing_return_types
    Feature record: CXX_FEATURE:1cxx_unicode_literals
    Feature record: CXX_FEATURE:1cxx_uniform_initialization
    Feature record: CXX_FEATURE:1cxx_unrestricted_unions
    Feature record: CXX_FEATURE:1cxx_user_literals
    Feature record: CXX_FEATURE:1cxx_variable_templates
    Feature record: CXX_FEATURE:1cxx_variadic_macros
    Feature record: CXX_FEATURE:1cxx_variadic_templates


Detecting CXX [-std=c++14] compiler features compiled with the following output:
Change Dir: /home/caduser/samuel/terra_head/mybuild/CMakeFiles/CMakeTmp

Run Build Command:"/usr/bin/make" "cmTC_88f22/fast"
/usr/bin/make -f CMakeFiles/cmTC_88f22.dir/build.make CMakeFiles/cmTC_88f22.dir/build
make[1]: Entering directory '/home/caduser/samuel/terra_head/mybuild/CMakeFiles/CMakeTmp'
Building CXX object CMakeFiles/cmTC_88f22.dir/feature_tests.cxx.o
/home/caduser/samuel/clang/llvm-project/build/bin/clang++    -std=c++14 -o CMakeFiles/cmTC_88f22.dir/feature_tests.cxx.o -c /home/caduser/samuel/terra_head/mybuild/CMakeFiles/feature_tests.cxx
Linking CXX executable cmTC_88f22
/usr/bin/cmake -E cmake_link_script CMakeFiles/cmTC_88f22.dir/link.txt --verbose=1
/home/caduser/samuel/clang/llvm-project/build/bin/clang++       CMakeFiles/cmTC_88f22.dir/feature_tests.cxx.o  -o cmTC_88f22 
make[1]: Leaving directory '/home/caduser/samuel/terra_head/mybuild/CMakeFiles/CMakeTmp'


    Feature record: CXX_FEATURE:1cxx_aggregate_default_initializers
    Feature record: CXX_FEATURE:1cxx_alias_templates
    Feature record: CXX_FEATURE:1cxx_alignas
    Feature record: CXX_FEATURE:1cxx_alignof
    Feature record: CXX_FEATURE:1cxx_attributes
    Feature record: CXX_FEATURE:1cxx_attribute_deprecated
    Feature record: CXX_FEATURE:1cxx_auto_type
    Feature record: CXX_FEATURE:1cxx_binary_literals
    Feature record: CXX_FEATURE:1cxx_constexpr
    Feature record: CXX_FEATURE:1cxx_contextual_conversions
    Feature record: CXX_FEATURE:1cxx_decltype
    Feature record: CXX_FEATURE:1cxx_decltype_auto
    Feature record: CXX_FEATURE:1cxx_decltype_incomplete_return_types
    Feature record: CXX_FEATURE:1cxx_default_function_template_args
    Feature record: CXX_FEATURE:1cxx_defaulted_functions
    Feature record: CXX_FEATURE:1cxx_defaulted_move_initializers
    Feature record: CXX_FEATURE:1cxx_delegating_constructors
    Feature record: CXX_FEATURE:1cxx_deleted_functions
    Feature record: CXX_FEATURE:1cxx_digit_separators
    Feature record: CXX_FEATURE:1cxx_enum_forward_declarations
    Feature record: CXX_FEATURE:1cxx_explicit_conversions
    Feature record: CXX_FEATURE:1cxx_extended_friend_declarations
    Feature record: CXX_FEATURE:1cxx_extern_templates
    Feature record: CXX_FEATURE:1cxx_final
    Feature record: CXX_FEATURE:1cxx_func_identifier
    Feature record: CXX_FEATURE:1cxx_generalized_initializers
    Feature record: CXX_FEATURE:1cxx_generic_lambdas
    Feature record: CXX_FEATURE:1cxx_inheriting_constructors
    Feature record: CXX_FEATURE:1cxx_inline_namespaces
    Feature record: CXX_FEATURE:1cxx_lambdas
    Feature record: CXX_FEATURE:1cxx_lambda_init_captures
    Feature record: CXX_FEATURE:1cxx_local_type_template_args
    Feature record: CXX_FEATURE:1cxx_long_long_type
    Feature record: CXX_FEATURE:1cxx_noexcept
    Feature record: CXX_FEATURE:1cxx_nonstatic_member_init
    Feature record: CXX_FEATURE:1cxx_nullptr
    Feature record: CXX_FEATURE:1cxx_override
    Feature record: CXX_FEATURE:1cxx_range_for
    Feature record: CXX_FEATURE:1cxx_raw_string_literals
    Feature record: CXX_FEATURE:1cxx_reference_qualified_functions
    Feature record: CXX_FEATURE:1cxx_relaxed_constexpr
    Feature record: CXX_FEATURE:1cxx_return_type_deduction
    Feature record: CXX_FEATURE:1cxx_right_angle_brackets
    Feature record: CXX_FEATURE:1cxx_rvalue_references
    Feature record: CXX_FEATURE:1cxx_sizeof_member
    Feature record: CXX_FEATURE:1cxx_static_assert
    Feature record: CXX_FEATURE:1cxx_strong_enums
    Feature record: CXX_FEATURE:1cxx_template_template_parameters
    Feature record: CXX_FEATURE:1cxx_thread_local
    Feature record: CXX_FEATURE:1cxx_trailing_return_types
    Feature record: CXX_FEATURE:1cxx_unicode_literals
    Feature record: CXX_FEATURE:1cxx_uniform_initialization
    Feature record: CXX_FEATURE:1cxx_unrestricted_unions
    Feature record: CXX_FEATURE:1cxx_user_literals
    Feature record: CXX_FEATURE:1cxx_variable_templates
    Feature record: CXX_FEATURE:1cxx_variadic_macros
    Feature record: CXX_FEATURE:1cxx_variadic_templates


Detecting CXX [-std=c++11] compiler features compiled with the following output:
Change Dir: /home/caduser/samuel/terra_head/mybuild/CMakeFiles/CMakeTmp

Run Build Command:"/usr/bin/make" "cmTC_6f1bf/fast"
/usr/bin/make -f CMakeFiles/cmTC_6f1bf.dir/build.make CMakeFiles/cmTC_6f1bf.dir/build
make[1]: Entering directory '/home/caduser/samuel/terra_head/mybuild/CMakeFiles/CMakeTmp'
Building CXX object CMakeFiles/cmTC_6f1bf.dir/feature_tests.cxx.o
/home/caduser/samuel/clang/llvm-project/build/bin/clang++    -std=c++11 -o CMakeFiles/cmTC_6f1bf.dir/feature_tests.cxx.o -c /home/caduser/samuel/terra_head/mybuild/CMakeFiles/feature_tests.cxx
Linking CXX executable cmTC_6f1bf
/usr/bin/cmake -E cmake_link_script CMakeFiles/cmTC_6f1bf.dir/link.txt --verbose=1
/home/caduser/samuel/clang/llvm-project/build/bin/clang++       CMakeFiles/cmTC_6f1bf.dir/feature_tests.cxx.o  -o cmTC_6f1bf 
make[1]: Leaving directory '/home/caduser/samuel/terra_head/mybuild/CMakeFiles/CMakeTmp'


    Feature record: CXX_FEATURE:0cxx_aggregate_default_initializers
    Feature record: CXX_FEATURE:1cxx_alias_templates
    Feature record: CXX_FEATURE:1cxx_alignas
    Feature record: CXX_FEATURE:1cxx_alignof
    Feature record: CXX_FEATURE:1cxx_attributes
    Feature record: CXX_FEATURE:0cxx_attribute_deprecated
    Feature record: CXX_FEATURE:1cxx_auto_type
    Feature record: CXX_FEATURE:0cxx_binary_literals
    Feature record: CXX_FEATURE:1cxx_constexpr
    Feature record: CXX_FEATURE:0cxx_contextual_conversions
    Feature record: CXX_FEATURE:1cxx_decltype
    Feature record: CXX_FEATURE:0cxx_decltype_auto
    Feature record: CXX_FEATURE:1cxx_decltype_incomplete_return_types
    Feature record: CXX_FEATURE:1cxx_default_function_template_args
    Feature record: CXX_FEATURE:1cxx_defaulted_functions
    Feature record: CXX_FEATURE:1cxx_defaulted_move_initializers
    Feature record: CXX_FEATURE:1cxx_delegating_constructors
    Feature record: CXX_FEATURE:1cxx_deleted_functions
    Feature record: CXX_FEATURE:0cxx_digit_separators
    Feature record: CXX_FEATURE:1cxx_enum_forward_declarations
    Feature record: CXX_FEATURE:1cxx_explicit_conversions
    Feature record: CXX_FEATURE:1cxx_extended_friend_declarations
    Feature record: CXX_FEATURE:1cxx_extern_templates
    Feature record: CXX_FEATURE:1cxx_final
    Feature record: CXX_FEATURE:1cxx_func_identifier
    Feature record: CXX_FEATURE:1cxx_generalized_initializers
    Feature record: CXX_FEATURE:0cxx_generic_lambdas
    Feature record: CXX_FEATURE:1cxx_inheriting_constructors
    Feature record: CXX_FEATURE:1cxx_inline_namespaces
    Feature record: CXX_FEATURE:1cxx_lambdas
    Feature record: CXX_FEATURE:0cxx_lambda_init_captures
    Feature record: CXX_FEATURE:1cxx_local_type_template_args
    Feature record: CXX_FEATURE:1cxx_long_long_type
    Feature record: CXX_FEATURE:1cxx_noexcept
    Feature record: CXX_FEATURE:1cxx_nonstatic_member_init
    Feature record: CXX_FEATURE:1cxx_nullptr
    Feature record: CXX_FEATURE:1cxx_override
    Feature record: CXX_FEATURE:1cxx_range_for
    Feature record: CXX_FEATURE:1cxx_raw_string_literals
    Feature record: CXX_FEATURE:1cxx_reference_qualified_functions
    Feature record: CXX_FEATURE:0cxx_relaxed_constexpr
    Feature record: CXX_FEATURE:0cxx_return_type_deduction
    Feature record: CXX_FEATURE:1cxx_right_angle_brackets
    Feature record: CXX_FEATURE:1cxx_rvalue_references
    Feature record: CXX_FEATURE:1cxx_sizeof_member
    Feature record: CXX_FEATURE:1cxx_static_assert
    Feature record: CXX_FEATURE:1cxx_strong_enums
    Feature record: CXX_FEATURE:1cxx_template_template_parameters
    Feature record: CXX_FEATURE:1cxx_thread_local
    Feature record: CXX_FEATURE:1cxx_trailing_return_types
    Feature record: CXX_FEATURE:1cxx_unicode_literals
    Feature record: CXX_FEATURE:1cxx_uniform_initialization
    Feature record: CXX_FEATURE:1cxx_unrestricted_unions
    Feature record: CXX_FEATURE:1cxx_user_literals
    Feature record: CXX_FEATURE:0cxx_variable_templates
    Feature record: CXX_FEATURE:1cxx_variadic_macros
    Feature record: CXX_FEATURE:1cxx_variadic_templates


Detecting CXX [-std=c++98] compiler features compiled with the following output:
Change Dir: /home/caduser/samuel/terra_head/mybuild/CMakeFiles/CMakeTmp

Run Build Command:"/usr/bin/make" "cmTC_f74c6/fast"
/usr/bin/make -f CMakeFiles/cmTC_f74c6.dir/build.make CMakeFiles/cmTC_f74c6.dir/build
make[1]: Entering directory '/home/caduser/samuel/terra_head/mybuild/CMakeFiles/CMakeTmp'
Building CXX object CMakeFiles/cmTC_f74c6.dir/feature_tests.cxx.o
/home/caduser/samuel/clang/llvm-project/build/bin/clang++    -std=c++98 -o CMakeFiles/cmTC_f74c6.dir/feature_tests.cxx.o -c /home/caduser/samuel/terra_head/mybuild/CMakeFiles/feature_tests.cxx
Linking CXX executable cmTC_f74c6
/usr/bin/cmake -E cmake_link_script CMakeFiles/cmTC_f74c6.dir/link.txt --verbose=1
/home/caduser/samuel/clang/llvm-project/build/bin/clang++       CMakeFiles/cmTC_f74c6.dir/feature_tests.cxx.o  -o cmTC_f74c6 
make[1]: Leaving directory '/home/caduser/samuel/terra_head/mybuild/CMakeFiles/CMakeTmp'


    Feature record: CXX_FEATURE:0cxx_aggregate_default_initializers
    Feature record: CXX_FEATURE:0cxx_alias_templates
    Feature record: CXX_FEATURE:0cxx_alignas
    Feature record: CXX_FEATURE:0cxx_alignof
    Feature record: CXX_FEATURE:0cxx_attributes
    Feature record: CXX_FEATURE:0cxx_attribute_deprecated
    Feature record: CXX_FEATURE:0cxx_auto_type
    Feature record: CXX_FEATURE:0cxx_binary_literals
    Feature record: CXX_FEATURE:0cxx_constexpr
    Feature record: CXX_FEATURE:0cxx_contextual_conversions
    Feature record: CXX_FEATURE:0cxx_decltype
    Feature record: CXX_FEATURE:0cxx_decltype_auto
    Feature record: CXX_FEATURE:0cxx_decltype_incomplete_return_types
    Feature record: CXX_FEATURE:0cxx_default_function_template_args
    Feature record: CXX_FEATURE:0cxx_defaulted_functions
    Feature record: CXX_FEATURE:0cxx_defaulted_move_initializers
    Feature record: CXX_FEATURE:0cxx_delegating_constructors
    Feature record: CXX_FEATURE:0cxx_deleted_functions
    Feature record: CXX_FEATURE:0cxx_digit_separators
    Feature record: CXX_FEATURE:0cxx_enum_forward_declarations
    Feature record: CXX_FEATURE:0cxx_explicit_conversions
    Feature record: CXX_FEATURE:0cxx_extended_friend_declarations
    Feature record: CXX_FEATURE:0cxx_extern_templates
    Feature record: CXX_FEATURE:0cxx_final
    Feature record: CXX_FEATURE:0cxx_func_identifier
    Feature record: CXX_FEATURE:0cxx_generalized_initializers
    Feature record: CXX_FEATURE:0cxx_generic_lambdas
    Feature record: CXX_FEATURE:0cxx_inheriting_constructors
    Feature record: CXX_FEATURE:0cxx_inline_namespaces
    Feature record: CXX_FEATURE:0cxx_lambdas
    Feature record: CXX_FEATURE:0cxx_lambda_init_captures
    Feature record: CXX_FEATURE:0cxx_local_type_template_args
    Feature record: CXX_FEATURE:0cxx_long_long_type
    Feature record: CXX_FEATURE:0cxx_noexcept
    Feature record: CXX_FEATURE:0cxx_nonstatic_member_init
    Feature record: CXX_FEATURE:0cxx_nullptr
    Feature record: CXX_FEATURE:0cxx_override
    Feature record: CXX_FEATURE:0cxx_range_for
    Feature record: CXX_FEATURE:0cxx_raw_string_literals
    Feature record: CXX_FEATURE:0cxx_reference_qualified_functions
    Feature record: CXX_FEATURE:0cxx_relaxed_constexpr
    Feature record: CXX_FEATURE:0cxx_return_type_deduction
    Feature record: CXX_FEATURE:0cxx_right_angle_brackets
    Feature record: CXX_FEATURE:0cxx_rvalue_references
    Feature record: CXX_FEATURE:0cxx_sizeof_member
    Feature record: CXX_FEATURE:0cxx_static_assert
    Feature record: CXX_FEATURE:0cxx_strong_enums
    Feature record: CXX_FEATURE:1cxx_template_template_parameters
    Feature record: CXX_FEATURE:0cxx_thread_local
    Feature record: CXX_FEATURE:0cxx_trailing_return_types
    Feature record: CXX_FEATURE:0cxx_unicode_literals
    Feature record: CXX_FEATURE:0cxx_uniform_initialization
    Feature record: CXX_FEATURE:0cxx_unrestricted_unions
    Feature record: CXX_FEATURE:0cxx_user_literals
    Feature record: CXX_FEATURE:0cxx_variable_templates
    Feature record: CXX_FEATURE:0cxx_variadic_macros
    Feature record: CXX_FEATURE:0cxx_variadic_templates
Determining if the include file pthread.h exists passed with the following output:
Change Dir: /home/caduser/samuel/terra_head/mybuild/CMakeFiles/CMakeTmp

Run Build Command:"/usr/bin/make" "cmTC_c082f/fast"
/usr/bin/make -f CMakeFiles/cmTC_c082f.dir/build.make CMakeFiles/cmTC_c082f.dir/build
make[1]: Entering directory '/home/caduser/samuel/terra_head/mybuild/CMakeFiles/CMakeTmp'
Building C object CMakeFiles/cmTC_c082f.dir/CheckIncludeFile.c.o
/home/caduser/samuel/clang/llvm-project/build/bin/clang   -fPIC    -o CMakeFiles/cmTC_c082f.dir/CheckIncludeFile.c.o   -c /home/caduser/samuel/terra_head/mybuild/CMakeFiles/CMakeTmp/CheckIncludeFile.c
Linking C executable cmTC_c082f
/usr/bin/cmake -E cmake_link_script CMakeFiles/cmTC_c082f.dir/link.txt --verbose=1
/home/caduser/samuel/clang/llvm-project/build/bin/clang -fPIC     CMakeFiles/cmTC_c082f.dir/CheckIncludeFile.c.o  -o cmTC_c082f 
make[1]: Leaving directory '/home/caduser/samuel/terra_head/mybuild/CMakeFiles/CMakeTmp'


Determining if the function pthread_create exists in the pthread passed with the following output:
Change Dir: /home/caduser/samuel/terra_head/mybuild/CMakeFiles/CMakeTmp

Run Build Command:"/usr/bin/make" "cmTC_0230e/fast"
/usr/bin/make -f CMakeFiles/cmTC_0230e.dir/build.make CMakeFiles/cmTC_0230e.dir/build
make[1]: Entering directory '/home/caduser/samuel/terra_head/mybuild/CMakeFiles/CMakeTmp'
Building C object CMakeFiles/cmTC_0230e.dir/CheckFunctionExists.c.o
/home/caduser/samuel/clang/llvm-project/build/bin/clang   -fPIC -DCHECK_FUNCTION_EXISTS=pthread_create   -o CMakeFiles/cmTC_0230e.dir/CheckFunctionExists.c.o   -c /usr/share/cmake-3.10/Modules/CheckFunctionExists.c
Linking C executable cmTC_0230e
/usr/bin/cmake -E cmake_link_script CMakeFiles/cmTC_0230e.dir/link.txt --verbose=1
/home/caduser/samuel/clang/llvm-project/build/bin/clang -fPIC -DCHECK_FUNCTION_EXISTS=pthread_create    CMakeFiles/cmTC_0230e.dir/CheckFunctionExists.c.o  -o cmTC_0230e -lpthread 
make[1]: Leaving directory '/home/caduser/samuel/terra_head/mybuild/CMakeFiles/CMakeTmp'


